This is pdfTeX, Version 3.14159265-2.6-1.40.21 (MiKTeX 21.1) (preloaded format=pdflatex 2021.1.29)  23 MAR 2021 10:58
entering extended mode
**./hw3.tex
(hw3.tex
LaTeX2e <2020-10-01> patch level 4
L3 programming layer <2021-01-09> xparse <2020-03-03>
(C:\Users\Micha\AppData\Local\Programs\MiKTeX\tex/latex/base\article.cls
Document Class: article 2020/04/10 v1.4m Standard LaTeX document class
(C:\Users\Micha\AppData\Local\Programs\MiKTeX\tex/latex/base\size12.clo
File: size12.clo 2020/04/10 v1.4m Standard LaTeX file (size option)
)
\c@part=\count177
\c@section=\count178
\c@subsection=\count179
\c@subsubsection=\count180
\c@paragraph=\count181
\c@subparagraph=\count182
\c@figure=\count183
\c@table=\count184
\abovecaptionskip=\skip47
\belowcaptionskip=\skip48
\bibindent=\dimen138
)
(C:\Users\Micha\AppData\Local\Programs\MiKTeX\tex/latex/geometry\geometry.sty
Package: geometry 2020/01/02 v5.9 Page Geometry

(C:\Users\Micha\AppData\Local\Programs\MiKTeX\tex/latex/graphics\keyval.sty
Package: keyval 2014/10/28 v1.15 key=value parser (DPC)
\KV@toks@=\toks15
)
(C:\Users\Micha\AppData\Local\Programs\MiKTeX\tex/generic/iftex\ifvtex.sty
Package: ifvtex 2019/10/25 v1.7 ifvtex legacy package. Use iftex instead.

(C:\Users\Micha\AppData\Local\Programs\MiKTeX\tex/generic/iftex\iftex.sty
Package: iftex 2020/03/06 v1.0d TeX engine tests
))
\Gm@cnth=\count185
\Gm@cntv=\count186
\c@Gm@tempcnt=\count187
\Gm@bindingoffset=\dimen139
\Gm@wd@mp=\dimen140
\Gm@odd@mp=\dimen141
\Gm@even@mp=\dimen142
\Gm@layoutwidth=\dimen143
\Gm@layoutheight=\dimen144
\Gm@layouthoffset=\dimen145
\Gm@layoutvoffset=\dimen146
\Gm@dimlist=\toks16

(C:\Users\Micha\AppData\Local\Programs\MiKTeX\tex/latex/geometry\geometry.cfg)

Package geometry Warning: Over-specification in `h'-direction.
    `width' (397.48499pt) is ignored.


Package geometry Warning: Over-specification in `v'-direction.
    `height' (650.43pt) is ignored.

) (C:\Users\Micha\AppData\Local\Programs\MiKTeX\tex/latex/amsmath\amsmath.sty
Package: amsmath 2020/09/23 v2.17i AMS math features
\@mathmargin=\skip49

For additional information on amsmath, use the `?' option.
(C:\Users\Micha\AppData\Local\Programs\MiKTeX\tex/latex/amsmath\amstext.sty
Package: amstext 2000/06/29 v2.01 AMS text

(C:\Users\Micha\AppData\Local\Programs\MiKTeX\tex/latex/amsmath\amsgen.sty
File: amsgen.sty 1999/11/30 v2.0 generic functions
\@emptytoks=\toks17
\ex@=\dimen147
))
(C:\Users\Micha\AppData\Local\Programs\MiKTeX\tex/latex/amsmath\amsbsy.sty
Package: amsbsy 1999/11/29 v1.2d Bold Symbols
\pmbraise@=\dimen148
)
(C:\Users\Micha\AppData\Local\Programs\MiKTeX\tex/latex/amsmath\amsopn.sty
Package: amsopn 2016/03/08 v2.02 operator names
)
\inf@bad=\count188
LaTeX Info: Redefining \frac on input line 234.
\uproot@=\count189
\leftroot@=\count190
LaTeX Info: Redefining \overline on input line 399.
\classnum@=\count191
\DOTSCASE@=\count192
LaTeX Info: Redefining \ldots on input line 496.
LaTeX Info: Redefining \dots on input line 499.
LaTeX Info: Redefining \cdots on input line 620.
\Mathstrutbox@=\box47
\strutbox@=\box48
\big@size=\dimen149
LaTeX Font Info:    Redeclaring font encoding OML on input line 743.
LaTeX Font Info:    Redeclaring font encoding OMS on input line 744.
\macc@depth=\count193
\c@MaxMatrixCols=\count194
\dotsspace@=\muskip16
\c@parentequation=\count195
\dspbrk@lvl=\count196
\tag@help=\toks18
\row@=\count197
\column@=\count198
\maxfields@=\count199
\andhelp@=\toks19
\eqnshift@=\dimen150
\alignsep@=\dimen151
\tagshift@=\dimen152
\tagwidth@=\dimen153
\totwidth@=\dimen154
\lineht@=\dimen155
\@envbody=\toks20
\multlinegap=\skip50
\multlinetaggap=\skip51
\mathdisplay@stack=\toks21
LaTeX Info: Redefining \[ on input line 2923.
LaTeX Info: Redefining \] on input line 2924.
)
(C:\Users\Micha\AppData\Local\Programs\MiKTeX\tex/latex/amsfonts\amssymb.sty
Package: amssymb 2013/01/14 v3.01 AMS font symbols

(C:\Users\Micha\AppData\Local\Programs\MiKTeX\tex/latex/amsfonts\amsfonts.sty
Package: amsfonts 2013/01/14 v3.01 Basic AMSFonts support
\symAMSa=\mathgroup4
\symAMSb=\mathgroup5
LaTeX Font Info:    Redeclaring math symbol \hbar on input line 98.
LaTeX Font Info:    Overwriting math alphabet `\mathfrak' in version `bold'
(Font)                  U/euf/m/n --> U/euf/b/n on input line 106.
)) (C:\Users\Micha\AppData\Local\Programs\MiKTeX\tex/latex/graphics\graphicx.st
y
Package: graphicx 2020/09/09 v1.2b Enhanced LaTeX Graphics (DPC,SPQR)

(C:\Users\Micha\AppData\Local\Programs\MiKTeX\tex/latex/graphics\graphics.sty
Package: graphics 2020/08/30 v1.4c Standard LaTeX Graphics (DPC,SPQR)

(C:\Users\Micha\AppData\Local\Programs\MiKTeX\tex/latex/graphics\trig.sty
Package: trig 2016/01/03 v1.10 sin cos tan (DPC)
)
(C:\Users\Micha\AppData\Local\Programs\MiKTeX\tex/latex/graphics-cfg\graphics.c
fg
File: graphics.cfg 2016/06/04 v1.11 sample graphics configuration
)
Package graphics Info: Driver file: pdftex.def on input line 105.

(C:\Users\Micha\AppData\Local\Programs\MiKTeX\tex/latex/graphics-def\pdftex.def
File: pdftex.def 2020/10/05 v1.2a Graphics/color driver for pdftex
))
\Gin@req@height=\dimen156
\Gin@req@width=\dimen157
)
(C:\Users\Micha\AppData\Local\Programs\MiKTeX\tex/latex/l3backend\l3backend-pdf
tex.def
File: l3backend-pdftex.def 2021-01-09 L3 backend support: PDF output (pdfTeX)
\l__kernel_color_stack_int=\count266
\l__pdf_internal_box=\box49
) (hw3.aux)
\openout1 = `hw3.aux'.

LaTeX Font Info:    Checking defaults for OML/cmm/m/it on input line 8.
LaTeX Font Info:    ... okay on input line 8.
LaTeX Font Info:    Checking defaults for OMS/cmsy/m/n on input line 8.
LaTeX Font Info:    ... okay on input line 8.
LaTeX Font Info:    Checking defaults for OT1/cmr/m/n on input line 8.
LaTeX Font Info:    ... okay on input line 8.
LaTeX Font Info:    Checking defaults for T1/cmr/m/n on input line 8.
LaTeX Font Info:    ... okay on input line 8.
LaTeX Font Info:    Checking defaults for TS1/cmr/m/n on input line 8.
LaTeX Font Info:    ... okay on input line 8.
LaTeX Font Info:    Checking defaults for OMX/cmex/m/n on input line 8.
LaTeX Font Info:    ... okay on input line 8.
LaTeX Font Info:    Checking defaults for U/cmr/m/n on input line 8.
LaTeX Font Info:    ... okay on input line 8.

*geometry* driver: auto-detecting
*geometry* detected driver: pdftex
*geometry* verbose mode - [ preamble ] result:
* driver: pdftex
* paper: letterpaper
* layout: <same size as paper>
* layoutoffset:(h,v)=(0.0pt,0.0pt)
* modes: 
* h-part:(L,W,R)=(43.36243pt, 527.57014pt, 43.36243pt)
* v-part:(T,H,B)=(50.58878pt, 693.79243pt, 50.58878pt)
* \paperwidth=614.295pt
* \paperheight=794.96999pt
* \textwidth=527.57014pt
* \textheight=693.79243pt
* \oddsidemargin=-28.90756pt
* \evensidemargin=-28.90756pt
* \topmargin=-58.68121pt
* \headheight=12.0pt
* \headsep=25.0pt
* \topskip=12.0pt
* \footskip=30.0pt
* \marginparwidth=44.0pt
* \marginparsep=10.0pt
* \columnsep=10.0pt
* \skip\footins=10.8pt plus 4.0pt minus 2.0pt
* \hoffset=0.0pt
* \voffset=0.0pt
* \mag=1000
* \@twocolumnfalse
* \@twosidefalse
* \@mparswitchfalse
* \@reversemarginfalse
* (1in=72.27pt=25.4mm, 1cm=28.453pt)


(C:\Users\Micha\AppData\Local\Programs\MiKTeX\tex/context/base/mkii\supp-pdf.mk
ii
[Loading MPS to PDF converter (version 2006.09.02).]
\scratchcounter=\count267
\scratchdimen=\dimen158
\scratchbox=\box50
\nofMPsegments=\count268
\nofMParguments=\count269
\everyMPshowfont=\toks22
\MPscratchCnt=\count270
\MPscratchDim=\dimen159
\MPnumerator=\count271
\makeMPintoPDFobject=\count272
\everyMPtoPDFconversion=\toks23
)
(C:\Users\Micha\AppData\Local\Programs\MiKTeX\tex/latex/epstopdf-pkg\epstopdf-b
ase.sty
Package: epstopdf-base 2020-01-24 v2.11 Base part for package epstopdf
Package epstopdf-base Info: Redefining graphics rule for `.eps' on input line 4
85.
)
Underfull \hbox (badness 10000) in paragraph at lines 9--12

 []

LaTeX Font Info:    Trying to load font information for U+msa on input line 14.

(C:\Users\Micha\AppData\Local\Programs\MiKTeX\tex/latex/amsfonts\umsa.fd
File: umsa.fd 2013/01/14 v3.01 AMS symbols A
)
LaTeX Font Info:    Trying to load font information for U+msb on input line 14.


(C:\Users\Micha\AppData\Local\Programs\MiKTeX\tex/latex/amsfonts\umsb.fd
File: umsb.fd 2013/01/14 v3.01 AMS symbols B
)
[1

{C:/Users/Micha/AppData/Local/MiKTeX/pdftex/config/pdftex.map}]
<C:/Users/Micha/OneDrive - Rensselaer Polytechnic Institute/Graph Theory/pictur
es/hw3-6.png, id=13, 183.68625pt x 164.11313pt>
File: C:/Users/Micha/OneDrive - Rensselaer Polytechnic Institute/Graph Theory/p
ictures/hw3-6.png Graphic file (type png)
<use C:/Users/Micha/OneDrive - Rensselaer Polytechnic Institute/Graph Theory/pi
ctures/hw3-6.png>
Package pdftex.def Info: C:/Users/Micha/OneDrive - Rensselaer Polytechnic Insti
tute/Graph Theory/pictures/hw3-6.png  used on input line 47.
(pdftex.def)             Requested size: 110.21259pt x 98.46863pt.
<C:/Users/Micha/OneDrive - Rensselaer Polytechnic Institute/Graph Theory/pictur
es/hw3-7-2.png, id=15, 375.65344pt x 306.39468pt>
File: C:/Users/Micha/OneDrive - Rensselaer Polytechnic Institute/Graph Theory/p
ictures/hw3-7-2.png Graphic file (type png)
<use C:/Users/Micha/OneDrive - Rensselaer Polytechnic Institute/Graph Theory/pi
ctures/hw3-7-2.png>
Package pdftex.def Info: C:/Users/Micha/OneDrive - Rensselaer Polytechnic Insti
tute/Graph Theory/pictures/hw3-7-2.png  used on input line 61.
(pdftex.def)             Requested size: 150.2587pt x 122.5557pt.

Underfull \hbox (badness 10000) in paragraph at lines 61--62

 []

[2 <C:/Users/Micha/OneDrive - Rensselaer Polytechnic Institute/Graph Theory/pic
tures/hw3-6.png> <C:/Users/Micha/OneDrive - Rensselaer Polytechnic Institute/Gr
aph Theory/pictures/hw3-7-2.png>]
<C:/Users/Micha/OneDrive - Rensselaer Polytechnic Institute/Graph Theory/pictur
es/hw3-7-1.png, id=21, 652.68843pt x 581.17125pt>
File: C:/Users/Micha/OneDrive - Rensselaer Polytechnic Institute/Graph Theory/p
ictures/hw3-7-1.png Graphic file (type png)
<use C:/Users/Micha/OneDrive - Rensselaer Polytechnic Institute/Graph Theory/pi
ctures/hw3-7-1.png>
Package pdftex.def Info: C:/Users/Micha/OneDrive - Rensselaer Polytechnic Insti
tute/Graph Theory/pictures/hw3-7-1.png  used on input line 70.
(pdftex.def)             Requested size: 261.07074pt x 232.46437pt.

Underfull \hbox (badness 10000) in paragraph at lines 70--71

 []

<C:/Users/Micha/OneDrive - Rensselaer Polytechnic Institute/Graph Theory/pictur
es/hw3-8-1.png, id=22, 386.19281pt x 313.17pt>
File: C:/Users/Micha/OneDrive - Rensselaer Polytechnic Institute/Graph Theory/p
ictures/hw3-8-1.png Graphic file (type png)
<use C:/Users/Micha/OneDrive - Rensselaer Polytechnic Institute/Graph Theory/pi
ctures/hw3-8-1.png>
Package pdftex.def Info: C:/Users/Micha/OneDrive - Rensselaer Polytechnic Insti
tute/Graph Theory/pictures/hw3-8-1.png  used on input line 78.
(pdftex.def)             Requested size: 154.47438pt x 125.26576pt.

Underfull \hbox (badness 10000) in paragraph at lines 78--79

 []

[3 <C:/Users/Micha/OneDrive - Rensselaer Polytechnic Institute/Graph Theory/pic
tures/hw3-7-1.png> <C:/Users/Micha/OneDrive - Rensselaer Polytechnic Institute/
Graph Theory/pictures/hw3-8-1.png>]
<C:/Users/Micha/OneDrive - Rensselaer Polytechnic Institute/Graph Theory/pictur
es/hw3-8-2.png, id=28, 376.40625pt x 321.45094pt>
File: C:/Users/Micha/OneDrive - Rensselaer Polytechnic Institute/Graph Theory/p
ictures/hw3-8-2.png Graphic file (type png)
<use C:/Users/Micha/OneDrive - Rensselaer Polytechnic Institute/Graph Theory/pi
ctures/hw3-8-2.png>
Package pdftex.def Info: C:/Users/Micha/OneDrive - Rensselaer Polytechnic Insti
tute/Graph Theory/pictures/hw3-8-2.png  used on input line 83.
(pdftex.def)             Requested size: 150.55983pt x 128.5781pt.

Underfull \hbox (badness 10000) in paragraph at lines 83--84

 []

[4 <C:/Users/Micha/OneDrive - Rensselaer Polytechnic Institute/Graph Theory/pic
tures/hw3-8-2.png>] (hw3.aux) ) 
Here is how much of TeX's memory you used:
 2879 strings out of 479618
 41738 string characters out of 2865026
 325638 words of memory out of 3000000
 20038 multiletter control sequences out of 15000+200000
 408382 words of font info for 46 fonts, out of 3000000 for 9000
 1141 hyphenation exceptions out of 8191
 68i,7n,74p,714b,216s stack positions out of 5000i,500n,10000p,200000b,50000s
<C:/Users/Micha/AppData/Local/Programs/MiKTeX/fo
nts/type1/public/amsfonts/cm/cmbx12.pfb><C:/Users/Micha/AppData/Local/Programs/
MiKTeX/fonts/type1/public/amsfonts/cm/cmmi12.pfb><C:/Users/Micha/AppData/Local/
Programs/MiKTeX/fonts/type1/public/amsfonts/cm/cmmi8.pfb><C:/Users/Micha/AppDat
a/Local/Programs/MiKTeX/fonts/type1/public/amsfonts/cm/cmr12.pfb><C:/Users/Mich
a/AppData/Local/Programs/MiKTeX/fonts/type1/public/amsfonts/cm/cmr8.pfb><C:/Use
rs/Micha/AppData/Local/Programs/MiKTeX/fonts/type1/public/amsfonts/cm/cmsy10.pf
b><C:/Users/Micha/AppData/Local/Programs/MiKTeX/fonts/type1/public/amsfonts/sym
bols/msam10.pfb><C:/Users/Micha/AppData/Local/Programs/MiKTeX/fonts/type1/publi
c/amsfonts/symbols/msbm10.pfb>
Output written on hw3.pdf (4 pages, 170125 bytes).
PDF statistics:
 58 PDF objects out of 1000 (max. 8388607)
 0 named destinations out of 1000 (max. 500000)
 26 words of extra memory for PDF output out of 10000 (max. 10000000)

